<?xml version="1.0" encoding="UTF-8"?>
<testsuite xmlns:xsi="http://www.w3.org/2001/XMLSchema-instance" xsi:noNamespaceSchemaLocation="https://maven.apache.org/surefire/maven-surefire-plugin/xsd/surefire-test-report.xsd" name="com.yuxiu.edu.AppTest" time="0.066" tests="1" errors="0" skipped="0" failures="0">
  <properties>
    <property name="user.variant" value=""/>
    <property name="java.vm.info" value="mixed mode"/>
    <property name="file.encoding.pkg" value="sun.io"/>
    <property name="file.encoding" value="GBK"/>
    <property name="java.specification.name" value="Java Platform API Specification"/>
    <property name="sun.os.patch.level" value=""/>
    <property name="user.dir" value="E:\2019Java\w1\EduProject\common-parent\edu-dao"/>
    <property name="line.separator" value="&#10;"/>
    <property name="java.home" value="C:\Program Files\Java\jdk1.7.0_17\jre"/>
    <property name="user.name" value="13563"/>
    <property name="sun.boot.library.path" value="C:\Program Files\Java\jdk1.7.0_17\jre\bin"/>
    <property name="user.home" value="C:\Users\13563"/>
    <property name="localRepository" value="E:\2019Java\maven-repository"/>
    <property name="sun.java.launcher" value="SUN_STANDARD"/>
    <property name="java.class.version" value="51.0"/>
    <property name="user.language" value="zh"/>
    <property name="java.vendor.url.bug" value="http://bugreport.sun.com/bugreport/"/>
    <property name="sun.jnu.encoding" value="GBK"/>
    <property name="java.io.tmpdir" value="C:\Users\13563\AppData\Local\Temp\"/>
    <property name="java.specification.vendor" value="Oracle Corporation"/>
    <property name="file.separator" value="\"/>
    <property name="java.class.path" value="E:\2019Java\w1\EduProject\common-parent\edu-dao\target\test-classes;E:\2019Java\w1\EduProject\common-parent\edu-dao\target\classes;E:\2019Java\w1\EduProject\common-parent\edu-model\target\edu-model-1.0-SNAPSHOT.jar;E:\2019Java\maven-repository\org\mybatis\mybatis\3.4.1\mybatis-3.4.1.jar;E:\2019Java\maven-repository\junit\junit\4.11\junit-4.11.jar;E:\2019Java\maven-repository\org\hamcrest\hamcrest-core\1.3\hamcrest-core-1.3.jar;"/>
    <property name="java.vm.vendor" value="Oracle Corporation"/>
    <property name="sun.cpu.endian" value="little"/>
    <property name="java.vm.specification.vendor" value="Oracle Corporation"/>
    <property name="java.specification.version" value="1.7"/>
    <property name="user.script" value=""/>
    <property name="awt.toolkit" value="sun.awt.windows.WToolkit"/>
    <property name="sun.java.command" value="C:\Users\13563\AppData\Local\Temp\surefire5145085864485551180\surefirebooter3856893556779792896.jar C:\Users\13563\AppData\Local\Temp\surefire5145085864485551180 2019-10-20T12-52-02_864-jvmRun1 surefire7503597102220729275tmp surefire_11916873967983098340tmp"/>
    <property name="user.timezone" value="Asia/Shanghai"/>
    <property name="surefire.test.class.path" value="E:\2019Java\w1\EduProject\common-parent\edu-dao\target\test-classes;E:\2019Java\w1\EduProject\common-parent\edu-dao\target\classes;E:\2019Java\w1\EduProject\common-parent\edu-model\target\edu-model-1.0-SNAPSHOT.jar;E:\2019Java\maven-repository\org\mybatis\mybatis\3.4.1\mybatis-3.4.1.jar;E:\2019Java\maven-repository\junit\junit\4.11\junit-4.11.jar;E:\2019Java\maven-repository\org\hamcrest\hamcrest-core\1.3\hamcrest-core-1.3.jar;"/>
    <property name="java.runtime.version" value="1.7.0_17-b02"/>
    <property name="java.vendor" value="Oracle Corporation"/>
    <property name="sun.management.compiler" value="HotSpot 64-Bit Tiered Compilers"/>
    <property name="sun.arch.data.model" value="64"/>
    <property name="os.arch" value="amd64"/>
    <property name="sun.io.unicode.encoding" value="UnicodeLittle"/>
    <property name="java.awt.printerjob" value="sun.awt.windows.WPrinterJob"/>
    <property name="path.separator" value=";"/>
    <property name="java.runtime.name" value="Java(TM) SE Runtime Environment"/>
    <property name="java.vendor.url" value="http://java.oracle.com/"/>
    <property name="sun.boot.class.path" value="C:\Program Files\Java\jdk1.7.0_17\jre\lib\resources.jar;C:\Program Files\Java\jdk1.7.0_17\jre\lib\rt.jar;C:\Program Files\Java\jdk1.7.0_17\jre\lib\sunrsasign.jar;C:\Program Files\Java\jdk1.7.0_17\jre\lib\jsse.jar;C:\Program Files\Java\jdk1.7.0_17\jre\lib\jce.jar;C:\Program Files\Java\jdk1.7.0_17\jre\lib\charsets.jar;C:\Program Files\Java\jdk1.7.0_17\jre\lib\jfr.jar;C:\Program Files\Java\jdk1.7.0_17\jre\classes"/>
    <property name="surefire.real.class.path" value="C:\Users\13563\AppData\Local\Temp\surefire5145085864485551180\surefirebooter3856893556779792896.jar"/>
    <property name="java.endorsed.dirs" value="C:\Program Files\Java\jdk1.7.0_17\jre\lib\endorsed"/>
    <property name="sun.desktop" value="windows"/>
    <property name="java.vm.version" value="23.7-b01"/>
    <property name="os.name" value="Windows 8"/>
    <property name="java.vm.specification.version" value="1.7"/>
    <property name="sun.cpu.isalist" value="amd64"/>
    <property name="java.version" value="1.7.0_17"/>
    <property name="java.vm.specification.name" value="Java Virtual Machine Specification"/>
    <property name="java.ext.dirs" value="C:\Program Files\Java\jdk1.7.0_17\jre\lib\ext;C:\WINDOWS\Sun\Java\lib\ext"/>
    <property name="os.version" value="6.2"/>
    <property name="basedir" value="E:\2019Java\w1\EduProject\common-parent\edu-dao"/>
    <property name="java.library.path" value="C:\Program Files\Java\jdk1.7.0_17\jre\bin;C:\WINDOWS\Sun\Java\bin;C:\WINDOWS\system32;C:\WINDOWS;C:\Program Files (x86)\Common Files\Intel\Shared Libraries\redist\intel64\compiler;C:\ProgramData\Oracle\Java\javapath;C:\Program Files (x86)\Intel\iCLS Client\;C:\Program Files\Intel\iCLS Client\;C:\Windows\system32;C:\Windows;C:\Windows\System32\Wbem;C:\Windows\System32\WindowsPowerShell\v1.0\;C:\Program Files\Intel\WiFi\bin\;C:\Program Files\Common Files\Intel\WirelessCommon\;C:\Program Files (x86)\NVIDIA Corporation\PhysX\Common;C:\Program Files (x86)\Intel\Intel(R) Management Engine Components\DAL;C:\Program Files\Intel\Intel(R) Management Engine Components\DAL;C:\Program Files (x86)\Intel\Intel(R) Management Engine Components\IPT;C:\Program Files\Intel\Intel(R) Management Engine Components\IPT;C:\Program Files\Acer ProShield\;C:\Program Files\Acer ProShield\x86;&quot;;C:\Program Files\Java\jdk1.7.0_17\bin;C:\Program Files\Java\jdk1.7.0_17\jre\bin&quot;;C:\WINDOWS\system32;C:\WINDOWS;C:\WINDOWS\System32\Wbem;C:\WINDOWS\System32\WindowsPowerShell\v1.0\;C:\WINDOWS\System32\OpenSSH\;D:\学习\git\Git\cmd;&quot;;android%;&quot;;E:\andriod\2\platform-tools;E:\2019Java\software\apache-maven-3.6.1\bin\;C:\Program Files\MySQL\MySQL Server 5.7\bin;C:\Program Files\Java\jdk1.7.0_17\bin;C:\Program Files\Java\jdk1.7.0_17\jre\bin;E:\2019Java\software\git\Git\cmd;E:\2019Java\software\git\Git\bin;C:\Users\13563\AppData\Local\Microsoft\WindowsApps;C:\Users\13563\AppData\Local\GitHubDesktop\bin;."/>
    <property name="java.awt.graphicsenv" value="sun.awt.Win32GraphicsEnvironment"/>
    <property name="java.vm.name" value="Java HotSpot(TM) 64-Bit Server VM"/>
    <property name="user.country" value="CN"/>
  </properties>
  <testcase name="shouldAnswerWithTrue" classname="com.yuxiu.edu.AppTest" time="0.002"/>
</testsuite>